0 info it worked if it ends with ok
1 verbose cli [ '/Users/cwilcomb/.nvm/versions/node/v5.5.0/bin/node',
1 verbose cli   '/Users/cwilcomb/.nvm/versions/node/v5.5.0/bin/npm',
1 verbose cli   'start' ]
2 info using npm@3.3.12
3 info using node@v5.5.0
4 verbose run-script [ 'prestart', 'start', 'poststart' ]
5 info lifecycle reveal.js@3.3.0~prestart: reveal.js@3.3.0
6 silly lifecycle reveal.js@3.3.0~prestart: no script for prestart, continuing
7 info lifecycle reveal.js@3.3.0~start: reveal.js@3.3.0
8 verbose lifecycle reveal.js@3.3.0~start: unsafe-perm in lifecycle true
9 verbose lifecycle reveal.js@3.3.0~start: PATH: /Users/cwilcomb/.nvm/versions/node/v5.5.0/lib/node_modules/npm/bin/node-gyp-bin:/Users/cwilcomb/git/_presentations/openvis2016/node_modules/.bin:/Users/cwilcomb/.nvm/versions/node/v5.5.0/bin:/usr/local/hadoop-2.6.0-mr1-cdh5.4.7/bin:/usr/local/pig-0.12.0-cdh5.2.0/bin/:/usr/local/heroku/bin:/usr/local/share/python:/Users/cwilcomb/bin:/usr/local/bin:/usr/local/bin:/usr/bin:/bin:/usr/sbin:/sbin:/usr/local/sbin:/Users/chadwilcomb/dev/apache-maven-3.3.3/bin:/Applications/Postgres.app/Contents/Versions/9.4/bin:/Users/chadwilcomb/dev/play-2.2.6
10 verbose lifecycle reveal.js@3.3.0~start: CWD: /Users/cwilcomb/git/_presentations/openvis2016
11 silly lifecycle reveal.js@3.3.0~start: Args: [ '-c', 'grunt serve' ]
12 silly lifecycle reveal.js@3.3.0~start: Returned: code: 1  signal: null
13 info lifecycle reveal.js@3.3.0~start: Failed to exec start script
14 verbose stack Error: reveal.js@3.3.0 start: `grunt serve`
14 verbose stack Exit status 1
14 verbose stack     at EventEmitter.<anonymous> (/Users/cwilcomb/.nvm/versions/node/v5.5.0/lib/node_modules/npm/lib/utils/lifecycle.js:232:16)
14 verbose stack     at emitTwo (events.js:100:13)
14 verbose stack     at EventEmitter.emit (events.js:185:7)
14 verbose stack     at ChildProcess.<anonymous> (/Users/cwilcomb/.nvm/versions/node/v5.5.0/lib/node_modules/npm/lib/utils/spawn.js:24:14)
14 verbose stack     at emitTwo (events.js:100:13)
14 verbose stack     at ChildProcess.emit (events.js:185:7)
14 verbose stack     at maybeClose (internal/child_process.js:821:16)
14 verbose stack     at Process.ChildProcess._handle.onexit (internal/child_process.js:211:5)
15 verbose pkgid reveal.js@3.3.0
16 verbose cwd /Users/cwilcomb/git/_presentations/openvis2016
17 error Darwin 14.5.0
18 error argv "/Users/cwilcomb/.nvm/versions/node/v5.5.0/bin/node" "/Users/cwilcomb/.nvm/versions/node/v5.5.0/bin/npm" "start"
19 error node v5.5.0
20 error npm  v3.3.12
21 error code ELIFECYCLE
22 error reveal.js@3.3.0 start: `grunt serve`
22 error Exit status 1
23 error Failed at the reveal.js@3.3.0 start script 'grunt serve'.
23 error Make sure you have the latest version of node.js and npm installed.
23 error If you do, this is most likely a problem with the reveal.js package,
23 error not with npm itself.
23 error Tell the author that this fails on your system:
23 error     grunt serve
23 error You can get their info via:
23 error     npm owner ls reveal.js
23 error There is likely additional logging output above.
24 verbose exit [ 1, true ]
